生成启动时间为 2013/12/3 Je t'aime PM 4:23:10。
     1>项目“F:\~_~StudyinTAMU\606SE\SearchWord\SearchWord\Search\Search.vcxproj”在节点 2 上(build 个目标)。
     1>InitializeBuildStatus:
         正在对“Debug\Search.unsuccessfulbuild”执行 Touch 任务。
       ClCompile:
         所有输出均为最新。
         e:\Program Files\Microsoft Visual Studio 10.0\VC\bin\CL.exe /c /ZI /nologo /W3 /WX- /Od /Oy- /D WIN32 /D _WINDOWS /D _DEBUG /D _MBCS /D _AFXDLL /Gm /EHsc /RTC1 /MDd /GS /fp:precise /Zc:wchar_t /Zc:forScope /Yu"StdAfx.h" /Fp"Debug\Search.pch" /Fo"Debug\\" /Fd"Debug\vc100.pdb" /Gd /TP /analyze- /errorReport:prompt searchWordAlgorithm.cpp
         searchWordAlgorithm.cpp
     1>f:\~_~studyintamu\606se\searchword\searchword\search\searchwordalgorithm.cpp(43): warning C4018: “<”: 有符号/无符号不匹配
     1>f:\~_~studyintamu\606se\searchword\searchword\search\searchwordalgorithm.cpp(71): warning C4018: “<”: 有符号/无符号不匹配
     1>f:\~_~studyintamu\606se\searchword\searchword\search\searchwordalgorithm.cpp(102): warning C4018: “<”: 有符号/无符号不匹配
     1>f:\~_~studyintamu\606se\searchword\searchword\search\searchwordalgorithm.cpp(119): warning C4996: 'itoa': The POSIX name for this item is deprecated. Instead, use the ISO C++ conformant name: _itoa. See online help for details.
                 e:\program files\microsoft visual studio 10.0\vc\include\stdlib.h(867) : 参见“itoa”的声明
     1>f:\~_~studyintamu\606se\searchword\searchword\search\searchwordalgorithm.cpp(122): warning C4018: “<”: 有符号/无符号不匹配
     1>f:\~_~studyintamu\606se\searchword\searchword\search\searchwordalgorithm.cpp(123): warning C4996: 'itoa': The POSIX name for this item is deprecated. Instead, use the ISO C++ conformant name: _itoa. See online help for details.
                 e:\program files\microsoft visual studio 10.0\vc\include\stdlib.h(867) : 参见“itoa”的声明
     1>f:\~_~studyintamu\606se\searchword\searchword\search\searchwordalgorithm.cpp(124): warning C4244: “参数”: 从“const double”转换到“int”，可能丢失数据
     1>f:\~_~studyintamu\606se\searchword\searchword\search\searchwordalgorithm.cpp(124): warning C4996: 'itoa': The POSIX name for this item is deprecated. Instead, use the ISO C++ conformant name: _itoa. See online help for details.
                 e:\program files\microsoft visual studio 10.0\vc\include\stdlib.h(867) : 参见“itoa”的声明
     1>f:\~_~studyintamu\606se\searchword\searchword\search\searchwordalgorithm.cpp(140): warning C4018: “<”: 有符号/无符号不匹配
     1>f:\~_~studyintamu\606se\searchword\searchword\search\searchwordalgorithm.cpp(158): warning C4018: “<”: 有符号/无符号不匹配
     1>f:\~_~studyintamu\606se\searchword\searchword\search\searchwordalgorithm.cpp(174): warning C4996: 'itoa': The POSIX name for this item is deprecated. Instead, use the ISO C++ conformant name: _itoa. See online help for details.
                 e:\program files\microsoft visual studio 10.0\vc\include\stdlib.h(867) : 参见“itoa”的声明
     1>f:\~_~studyintamu\606se\searchword\searchword\search\searchwordalgorithm.cpp(176): warning C4018: “<”: 有符号/无符号不匹配
     1>f:\~_~studyintamu\606se\searchword\searchword\search\searchwordalgorithm.cpp(215): warning C4018: “<”: 有符号/无符号不匹配
     1>f:\~_~studyintamu\606se\searchword\searchword\search\searchwordalgorithm.cpp(232): warning C4996: 'itoa': The POSIX name for this item is deprecated. Instead, use the ISO C++ conformant name: _itoa. See online help for details.
                 e:\program files\microsoft visual studio 10.0\vc\include\stdlib.h(867) : 参见“itoa”的声明
     1>f:\~_~studyintamu\606se\searchword\searchword\search\searchwordalgorithm.cpp(235): warning C4018: “<”: 有符号/无符号不匹配
     1>f:\~_~studyintamu\606se\searchword\searchword\search\searchwordalgorithm.cpp(236): warning C4996: 'itoa': The POSIX name for this item is deprecated. Instead, use the ISO C++ conformant name: _itoa. See online help for details.
                 e:\program files\microsoft visual studio 10.0\vc\include\stdlib.h(867) : 参见“itoa”的声明
       ResourceCompile:
         C:\Program Files\Microsoft SDKs\Windows\v7.0A\bin\rc.exe /D _DEBUG /D _AFXDLL /l"0x0804" /IDebug\ /nologo /fo"Debug\Search.res" Search.rc 
       ManifestResourceCompile:
         C:\Program Files\Microsoft SDKs\Windows\v7.0A\bin\rc.exe /nologo /fo"Debug\Search.exe.embed.manifest.res" Debug\Search_manifest.rc 
       Link:
         e:\Program Files\Microsoft Visual Studio 10.0\VC\bin\link.exe /ERRORREPORT:PROMPT /OUT:"F:\~_~StudyinTAMU\606SE\SearchWord\SearchWord\Debug\Search.exe" /INCREMENTAL /NOLOGO /MANIFEST /ManifestFile:"Debug\Search.exe.intermediate.manifest" /MANIFESTUAC:"level='asInvoker' uiAccess='false'" /DEBUG /PDB:"F:\~_~StudyinTAMU\606SE\SearchWord\SearchWord\Debug\Search.pdb" /SUBSYSTEM:WINDOWS /TLBID:1 /DYNAMICBASE /NXCOMPAT /IMPLIB:"F:\~_~StudyinTAMU\606SE\SearchWord\SearchWord\Debug\Search.lib" /MACHINE:X86 Debug\Search.res
         Debug\Search.exe.embed.manifest.res
         Debug\abstractsearch.obj
         Debug\concretesearch.obj
         Debug\node.obj
         Debug\Search.obj
         Debug\SearchDlg.obj
         Debug\searchWordAlgorithm.obj
         Debug\stdafx.obj
         Debug\trieTree.obj
       Manifest:
         C:\Program Files\Microsoft SDKs\Windows\v7.0A\bin\mt.exe /nologo /verbose /out:"Debug\Search.exe.embed.manifest" /manifest Debug\Search.exe.intermediate.manifest "e:\Program Files\Microsoft Visual Studio 10.0\VC\Include\Manifest\dpiaware.manifest"
         C:\Program Files\Microsoft SDKs\Windows\v7.0A\bin\rc.exe /nologo /fo"Debug\Search.exe.embed.manifest.res" Debug\Search_manifest.rc 
       LinkEmbedManifest:
         e:\Program Files\Microsoft Visual Studio 10.0\VC\bin\link.exe /ERRORREPORT:PROMPT /OUT:"F:\~_~StudyinTAMU\606SE\SearchWord\SearchWord\Debug\Search.exe" /INCREMENTAL /NOLOGO /MANIFEST /ManifestFile:"Debug\Search.exe.intermediate.manifest" /MANIFESTUAC:"level='asInvoker' uiAccess='false'" /DEBUG /PDB:"F:\~_~StudyinTAMU\606SE\SearchWord\SearchWord\Debug\Search.pdb" /SUBSYSTEM:WINDOWS /TLBID:1 /DYNAMICBASE /NXCOMPAT /IMPLIB:"F:\~_~StudyinTAMU\606SE\SearchWord\SearchWord\Debug\Search.lib" /MACHINE:X86 Debug\Search.res
         Debug\Search.exe.embed.manifest.res
         Debug\abstractsearch.obj
         Debug\concretesearch.obj
         Debug\node.obj
         Debug\Search.obj
         Debug\SearchDlg.obj
         Debug\searchWordAlgorithm.obj
         Debug\stdafx.obj
         Debug\trieTree.obj
         Search.vcxproj -> F:\~_~StudyinTAMU\606SE\SearchWord\SearchWord\Debug\Search.exe
       FinalizeBuildStatus:
         正在删除文件“Debug\Search.unsuccessfulbuild”。
         正在对“Debug\Search.lastbuildstate”执行 Touch 任务。
     1>已完成生成项目“F:\~_~StudyinTAMU\606SE\SearchWord\SearchWord\Search\Search.vcxproj”(build 个目标)的操作。

生成成功。

已用时间 00:00:15.74
