F:\~_~STUDYINTAMU\606SE\SEARCHWORD\SEARCHWORD\DEBUG\SEARCH.EXE
F:\~_~STUDYINTAMU\606SE\SEARCHWORD\SEARCHWORD\DEBUG\SEARCH.ILK
F:\~_~STUDYINTAMU\606SE\SEARCHWORD\SEARCHWORD\DEBUG\SEARCH.PDB
F:\~_~STUDYINTAMU\606SE\SEARCHWORD\SEARCHWORD\SEARCH\DEBUG\ABSTRACTSEARCH.OBJ
F:\~_~StudyinTAMU\606SE\SearchWord\SearchWord\Search\Debug\cl.command.1.tlog
F:\~_~StudyinTAMU\606SE\SearchWord\SearchWord\Search\Debug\CL.read.1.tlog
F:\~_~StudyinTAMU\606SE\SearchWord\SearchWord\Search\Debug\CL.write.1.tlog
F:\~_~STUDYINTAMU\606SE\SEARCHWORD\SEARCHWORD\SEARCH\DEBUG\CONCRETESEARCH.OBJ
F:\~_~StudyinTAMU\606SE\SearchWord\SearchWord\Search\Debug\link.command.1.tlog
F:\~_~StudyinTAMU\606SE\SearchWord\SearchWord\Search\Debug\link.read.1.tlog
F:\~_~StudyinTAMU\606SE\SearchWord\SearchWord\Search\Debug\link.write.1.tlog
F:\~_~StudyinTAMU\606SE\SearchWord\SearchWord\Search\Debug\link-cvtres.read.1.tlog
F:\~_~StudyinTAMU\606SE\SearchWord\SearchWord\Search\Debug\link-cvtres.write.1.tlog
F:\~_~StudyinTAMU\606SE\SearchWord\SearchWord\Search\Debug\mt.command.1.tlog
F:\~_~StudyinTAMU\606SE\SearchWord\SearchWord\Search\Debug\mt.read.1.tlog
F:\~_~StudyinTAMU\606SE\SearchWord\SearchWord\Search\Debug\mt.write.1.tlog
F:\~_~STUDYINTAMU\606SE\SEARCHWORD\SEARCHWORD\SEARCH\DEBUG\NODE.OBJ
F:\~_~StudyinTAMU\606SE\SearchWord\SearchWord\Search\Debug\rc.command.1.tlog
F:\~_~StudyinTAMU\606SE\SearchWord\SearchWord\Search\Debug\rc.read.1.tlog
F:\~_~StudyinTAMU\606SE\SearchWord\SearchWord\Search\Debug\rc.write.1.tlog
F:\~_~STUDYINTAMU\606SE\SEARCHWORD\SEARCHWORD\SEARCH\DEBUG\SEARCH.EXE.EMBED.MANIFEST
F:\~_~STUDYINTAMU\606SE\SEARCHWORD\SEARCHWORD\SEARCH\DEBUG\SEARCH.EXE.EMBED.MANIFEST.RES
F:\~_~STUDYINTAMU\606SE\SEARCHWORD\SEARCHWORD\SEARCH\DEBUG\SEARCH.EXE.INTERMEDIATE.MANIFEST
F:\~_~STUDYINTAMU\606SE\SEARCHWORD\SEARCHWORD\SEARCH\DEBUG\SEARCH.OBJ
F:\~_~STUDYINTAMU\606SE\SEARCHWORD\SEARCHWORD\SEARCH\DEBUG\SEARCH.PCH
F:\~_~STUDYINTAMU\606SE\SEARCHWORD\SEARCHWORD\SEARCH\DEBUG\SEARCH.RES
F:\~_~StudyinTAMU\606SE\SearchWord\SearchWord\Search\Debug\Search_manifest.rc
F:\~_~STUDYINTAMU\606SE\SEARCHWORD\SEARCHWORD\SEARCH\DEBUG\SEARCHDLG.OBJ
F:\~_~STUDYINTAMU\606SE\SEARCHWORD\SEARCHWORD\SEARCH\DEBUG\SEARCHWORDALGORITHM.OBJ
F:\~_~STUDYINTAMU\606SE\SEARCHWORD\SEARCHWORD\SEARCH\DEBUG\STDAFX.OBJ
F:\~_~STUDYINTAMU\606SE\SEARCHWORD\SEARCHWORD\SEARCH\DEBUG\TRIETREE.OBJ
F:\~_~StudyinTAMU\606SE\SearchWord\SearchWord\Search\Debug\vc100.idb
F:\~_~STUDYINTAMU\606SE\SEARCHWORD\SEARCHWORD\SEARCH\DEBUG\VC100.PDB
